[21/7/2022 20:40:24] /a 5
[21/7/2022 20:40:28] /a 5
[21/7/2022 20:40:30] /a 5
[21/7/2022 20:40:33] /a 5
[21/7/2022 20:40:47] /a 5
[21/7/2022 20:40:49] /a 5
[21/7/2022 20:40:51] /a 5
[21/7/2022 20:40:52] /a 5
[21/7/2022 20:40:54] /a 5
[21/7/2022 20:42:20] /a 2
[21/7/2022 20:42:31] /a 2
[21/7/2022 20:42:36] /a 2
[21/7/2022 20:42:46] /up
[21/7/2022 20:42:53] /a 2
[21/7/2022 20:43:4] /a 2
[21/7/2022 20:44:36] /a 2
[21/7/2022 20:45:48] /t
[21/7/2022 20:51:10] /r golden helmet
[21/7/2022 20:51:15] /i golden helmet
[21/7/2022 20:51:27] /i blessed shield
[21/7/2022 20:51:45] /i arbaleszt
[21/7/2022 20:51:47] /i arbalest
[21/7/2022 20:51:53] /i infernal bolt
[21/7/2022 20:51:58] /i infernal bolt
[21/7/2022 20:52:7] /i backpack of holding
[21/7/2022 20:52:13] /i blue legs
[21/7/2022 20:52:19] /i great shield
[21/7/2022 20:52:24] /i spear
[21/7/2022 20:52:31] /i boots of water walking
[21/7/2022 20:52:34] /i boots of waterwalking
[21/7/2022 21:4:54] /r golden helmet
[21/7/2022 21:5:0] /i golden helmet
[21/7/2022 21:5:4] /i demon legs
[21/7/2022 21:5:6] /i great shield
[21/7/2022 21:5:10] /i boots of haste
[21/7/2022 21:5:15] /i assassin stars
[21/7/2022 21:5:16] /i assassin star
[21/7/2022 21:5:18] /i assassin star
[21/7/2022 21:5:26] /i assassin star
[21/7/2022 21:5:29] /i royal crossbow
[21/7/2022 21:5:37] /i infernal bolt
[21/7/2022 21:5:40] /i infernal bolt
[21/7/2022 21:5:45] /i sudden death
[21/7/2022 21:5:46] /i sudden death rune
[21/7/2022 21:5:49] /i sudden death rune
[21/7/2022 21:5:56] /i master's archer armor
[21/7/2022 21:6:3] /i master archer's armor
[21/7/2022 21:6:8] /i royal scale robe
[21/7/2022 21:6:13] /i royal draken mail
[21/7/2022 21:6:22] /i yalahari leg piece
[21/7/2022 21:6:29] /i wood cape
[21/7/2022 21:6:32] /i elven mail
[21/7/2022 21:6:35] /i elven legs
[21/7/2022 21:7:7] /i paw amulet
[21/7/2022 21:7:16] /i backpack of holding
[21/7/2022 21:14:23] /i infernal bolts
[21/7/2022 21:14:25] /i infernal bolt
[21/7/2022 21:14:29] /i strong mana potion
[21/7/2022 21:14:39] /i spirit potion
[21/7/2022 21:14:44] /i great spirit potion
[21/7/2022 21:14:59] /i ultimate spirit potion
[21/7/2022 21:15:4] /i ultimate healing potion
[21/7/2022 21:17:43] /i burst arrow
[21/7/2022 21:18:6] /i bow
[21/7/2022 21:21:4] /m demon
[21/7/2022 21:23:45] /i flash arrow
[21/7/2022 21:23:51] /m demon
[21/7/2022 21:36:5] /r energy arrow
[21/7/2022 21:36:12] /i energy arrow
[21/7/2022 21:36:16] /i flash arrow
